C51 COMPILER V7.08   GPIO                         12/08/2015 20:58:32 PAGE 1   


C51 COMPILER V7.08, COMPILATION OF MODULE GPIO
OBJECT MODULE PLACED IN GPIO.obj
COMPILER INVOKED BY: C:\Keil\C51\BIN\C51.EXE source\GPIO.c INCDIR(include) DEBU
                    -G OBJECTEXTEND PRINT(.\GPIO.lst) PAGEWIDTH(79) PAGELENGTH(66) OBJECT(GPIO.obj)

line level    source

   1          
   2          /*************  功能说明        **************
   3          
   4          本文件为STC15xxx系列的端口初始化程序,用户几乎可以不修改这个程序.
   5          
   6          
   7          ******************************************/
   8          
   9          #include        "GPIO.h"
  10          
  11          
  12          //===============================================================
             -=========
  13          // 函数: u8     GPIO_Inilize(u8 GPIO, GPIO_InitTypeDef *GPIOx)
  14          // 描述: 初始化IO口.
  15          // 参数: GPIOx: 结构参数,请参考timer.h里的定义.
  16          // 返回: 成功返回0, 空操作返回1,错误返回2.
  17          // 版本: V1.0, 2012-10-22
  18          //===============================================================
             -=========
  19          u8      GPIO_Inilize(u8 GPIO, GPIO_InitTypeDef *GPIOx)
  20          {
  21   1          if(GPIO > GPIO_P5)                          return 1;       //空操作
  22   1          if(GPIOx->Mode > GPIO_OUT_PP)       return 2;       //错误
  23   1          if(GPIO == GPIO_P0) {
  24   2              if(GPIOx->Mode == GPIO_PullUp)          P0M1 &= ~GPIOx->Pin,    P0M0
             - &= ~GPIOx->Pin;       //上拉准双向口
  25   2              if(GPIOx->Mode == GPIO_HighZ)           P0M1 |=  GPIOx->Pin,    P0M0 
             -&= ~GPIOx->Pin;        //浮空输入
  26   2              if(GPIOx->Mode == GPIO_OUT_OD)          P0M1 |=  GPIOx->Pin,    P0M0
             - |=  GPIOx->Pin;       //开漏输出
  27   2              if(GPIOx->Mode == GPIO_OUT_PP)          P0M1 &= ~GPIOx->Pin,    P0M0
             - |=  GPIOx->Pin;       //推挽输出
  28   2          }
  29   1          if(GPIO == GPIO_P1) {
  30   2              if(GPIOx->Mode == GPIO_PullUp)          P1M1 &= ~GPIOx->Pin,    P1M0
             - &= ~GPIOx->Pin;       //上拉准双向口
  31   2              if(GPIOx->Mode == GPIO_HighZ)           P1M1 |=  GPIOx->Pin,    P1M0 
             -&= ~GPIOx->Pin;        //浮空输入
  32   2              if(GPIOx->Mode == GPIO_OUT_OD)          P1M1 |=  GPIOx->Pin,    P1M0
             - |=  GPIOx->Pin;       //开漏输出
  33   2              if(GPIOx->Mode == GPIO_OUT_PP)          P1M1 &= ~GPIOx->Pin,    P1M0
             - |=  GPIOx->Pin;       //推挽输出
  34   2          }
  35   1          if(GPIO == GPIO_P2) {
  36   2              if(GPIOx->Mode == GPIO_PullUp)          P2M1 &= ~GPIOx->Pin,    P2M0
             - &= ~GPIOx->Pin;       //上拉准双向口
  37   2              if(GPIOx->Mode == GPIO_HighZ)           P2M1 |=  GPIOx->Pin,    P2M0 
             -&= ~GPIOx->Pin;        //浮空输入
  38   2              if(GPIOx->Mode == GPIO_OUT_OD)          P2M1 |=  GPIOx->Pin,    P2M0
             - |=  GPIOx->Pin;       //开漏输出
  39   2              if(GPIOx->Mode == GPIO_OUT_PP)          P2M1 &= ~GPIOx->Pin,    P2M0
             - |=  GPIOx->Pin;       //推挽输出
  40   2          }
  41   1          if(GPIO == GPIO_P3) {
  42   2              if(GPIOx->Mode == GPIO_PullUp)          P3M1 &= ~GPIOx->Pin,    P3M0
C51 COMPILER V7.08   GPIO                         12/08/2015 20:58:32 PAGE 2   

             - &= ~GPIOx->Pin;       //上拉准双向口
  43   2              if(GPIOx->Mode == GPIO_HighZ)           P3M1 |=  GPIOx->Pin,    P3M0 
             -&= ~GPIOx->Pin;        //浮空输入
  44   2              if(GPIOx->Mode == GPIO_OUT_OD)          P3M1 |=  GPIOx->Pin,    P3M0
             - |=  GPIOx->Pin;       //开漏输出
  45   2              if(GPIOx->Mode == GPIO_OUT_PP)          P3M1 &= ~GPIOx->Pin,    P3M0
             - |=  GPIOx->Pin;       //推挽输出
  46   2          }
  47   1          if(GPIO == GPIO_P4) {
  48   2              if(GPIOx->Mode == GPIO_PullUp)          P4M1 &= ~GPIOx->Pin,    P4M0
             - &= ~GPIOx->Pin;       //上拉准双向口
  49   2              if(GPIOx->Mode == GPIO_HighZ)           P4M1 |=  GPIOx->Pin,    P4M0 
             -&= ~GPIOx->Pin;        //浮空输入
  50   2              if(GPIOx->Mode == GPIO_OUT_OD)          P4M1 |=  GPIOx->Pin,    P4M0
             - |=  GPIOx->Pin;       //开漏输出
  51   2              if(GPIOx->Mode == GPIO_OUT_PP)          P4M1 &= ~GPIOx->Pin,    P4M0
             - |=  GPIOx->Pin;       //推挽输出
  52   2          }
  53   1          if(GPIO == GPIO_P5) {
  54   2              if(GPIOx->Mode == GPIO_PullUp)          P5M1 &= ~GPIOx->Pin,    P5M0
             - &= ~GPIOx->Pin;       //上拉准双向口
  55   2              if(GPIOx->Mode == GPIO_HighZ)           P5M1 |=  GPIOx->Pin,    P5M0 
             -&= ~GPIOx->Pin;        //浮空输入
  56   2              if(GPIOx->Mode == GPIO_OUT_OD)          P5M1 |=  GPIOx->Pin,    P5M0
             - |=  GPIOx->Pin;       //开漏输出
  57   2              if(GPIOx->Mode == GPIO_OUT_PP)          P5M1 &= ~GPIOx->Pin,    P5M0
             - |=  GPIOx->Pin;       //推挽输出
  58   2          }
  59   1          return 0;   //成功
  60   1      }


MODULE INFORMATION:   STATIC OVERLAYABLE
   CODE SIZE        =    452    ----
   CONSTANT SIZE    =   ----    ----
   XDATA SIZE       =   ----    ----
   PDATA SIZE       =   ----    ----
   DATA SIZE        =   ----    ----
   IDATA SIZE       =   ----    ----
   BIT SIZE         =   ----    ----
END OF MODULE INFORMATION.


C51 COMPILATION COMPLETE.  0 WARNING(S),  0 ERROR(S)
